Starting Trident Univ2 feature extraction...

Fetching 1 files:   0%|          | 0/1 [00:00<?, ?it/s]
Fetching 1 files: 100%|██████████| 1/1 [00:00<00:00, 46.20it/s]

Segmenting tissue:   0%|          | 0/9 [00:00<?, ?it/s]
Segmenting tissue:   0%|          | 0/9 [00:00<?, ?it/s, M-1 is locked. Skipping...]
Segmenting tissue:   0%|          | 0/9 [00:00<?, ?it/s, Segmenting <name=M-104>]   
Segmenting tissue:  22%|██▏       | 2/9 [01:23<04:50, 41.54s/it, Segmenting <name=M-104>]
Segmenting tissue:  22%|██▏       | 2/9 [01:23<04:50, 41.54s/it, Segmenting <name=M-105>]
Segmenting tissue:  33%|███▎      | 3/9 [03:23<07:25, 74.30s/it, Segmenting <name=M-105>]
Segmenting tissue:  33%|███▎      | 3/9 [03:23<07:25, 74.30s/it, Segmenting <name=M-108>]
Segmenting tissue:  44%|████▍     | 4/9 [09:00<14:22, 172.46s/it, Segmenting <name=M-108>]
Segmenting tissue:  44%|████▍     | 4/9 [09:00<14:22, 172.46s/it, Segmenting <name=M-112>]
Segmenting tissue:  56%|█████▌    | 5/9 [11:18<10:41, 160.32s/it, Segmenting <name=M-112>]
Segmenting tissue:  56%|█████▌    | 5/9 [11:18<10:41, 160.32s/it, Segmenting <name=M-121>]
Segmenting tissue:  67%|██████▋   | 6/9 [13:05<07:08, 142.85s/it, Segmenting <name=M-121>]
Segmenting tissue:  67%|██████▋   | 6/9 [13:05<07:08, 142.85s/it, Segmenting <name=M-24>] 
Segmenting tissue:  78%|███████▊  | 7/9 [17:27<06:01, 180.97s/it, Segmenting <name=M-24>]
Segmenting tissue:  78%|███████▊  | 7/9 [17:27<06:01, 180.97s/it, Segmenting <name=M-30>]
Segmenting tissue:  89%|████████▉ | 8/9 [21:25<03:19, 199.17s/it, Segmenting <name=M-30>]
Segmenting tissue:  89%|████████▉ | 8/9 [21:25<03:19, 199.17s/it, Segmenting <name=M-32>]
Segmenting tissue: 100%|██████████| 9/9 [25:10<00:00, 207.02s/it, Segmenting <name=M-32>]
Segmenting tissue: 100%|██████████| 9/9 [25:10<00:00, 167.83s/it, Segmenting <name=M-32>]

Saving tissue coordinates to 20x_256px_0px_overlap:   0%|          | 0/9 [00:00<?, ?it/s]
Saving tissue coordinates to 20x_256px_0px_overlap:   0%|          | 0/9 [00:00<?, ?it/s, GeoJSON not found for M-1. Skipping...]
Saving tissue coordinates to 20x_256px_0px_overlap:   0%|          | 0/9 [00:00<?, ?it/s, Generating patch coords for M-104.ndpi]
Saving tissue coordinates to 20x_256px_0px_overlap:  22%|██▏       | 2/9 [00:00<00:01,  3.92it/s, Generating patch coords for M-104.ndpi]
Saving tissue coordinates to 20x_256px_0px_overlap:  22%|██▏       | 2/9 [00:00<00:01,  3.92it/s, Generating patch coords for M-105.ndpi]
Saving tissue coordinates to 20x_256px_0px_overlap:  33%|███▎      | 3/9 [00:00<00:01,  3.15it/s, Generating patch coords for M-105.ndpi]
Saving tissue coordinates to 20x_256px_0px_overlap:  33%|███▎      | 3/9 [00:00<00:01,  3.15it/s, Generating patch coords for M-108.ndpi]
Saving tissue coordinates to 20x_256px_0px_overlap:  44%|████▍     | 4/9 [00:02<00:04,  1.17it/s, Generating patch coords for M-108.ndpi]
Saving tissue coordinates to 20x_256px_0px_overlap:  44%|████▍     | 4/9 [00:02<00:04,  1.17it/s, Generating patch coords for M-112.ndpi]
Saving tissue coordinates to 20x_256px_0px_overlap:  56%|█████▌    | 5/9 [00:03<00:03,  1.27it/s, Generating patch coords for M-112.ndpi]
Saving tissue coordinates to 20x_256px_0px_overlap:  56%|█████▌    | 5/9 [00:03<00:03,  1.27it/s, Generating patch coords for M-121.ndpi]
Saving tissue coordinates to 20x_256px_0px_overlap:  67%|██████▋   | 6/9 [00:03<00:01,  1.54it/s, Generating patch coords for M-121.ndpi]
Saving tissue coordinates to 20x_256px_0px_overlap:  67%|██████▋   | 6/9 [00:03<00:01,  1.54it/s, Generating patch coords for M-24.ndpi] 
Saving tissue coordinates to 20x_256px_0px_overlap:  78%|███████▊  | 7/9 [00:04<00:01,  1.24it/s, Generating patch coords for M-24.ndpi]
Saving tissue coordinates to 20x_256px_0px_overlap:  78%|███████▊  | 7/9 [00:04<00:01,  1.24it/s, Generating patch coords for M-30.ndpi]
Saving tissue coordinates to 20x_256px_0px_overlap:  89%|████████▉ | 8/9 [00:05<00:00,  1.21it/s, Generating patch coords for M-30.ndpi]
Saving tissue coordinates to 20x_256px_0px_overlap:  89%|████████▉ | 8/9 [00:05<00:00,  1.21it/s, Generating patch coords for M-32.ndpi]
Saving tissue coordinates to 20x_256px_0px_overlap: 100%|██████████| 9/9 [00:06<00:00,  1.14it/s, Generating patch coords for M-32.ndpi]
Saving tissue coordinates to 20x_256px_0px_overlap: 100%|██████████| 9/9 [00:06<00:00,  1.34it/s, Generating patch coords for M-32.ndpi]

Extracting patch features from coords in 20x_256px_0px_overlap:   0%|          | 0/9 [00:00<?, ?it/s]
Extracting patch features from coords in 20x_256px_0px_overlap:   0%|          | 0/9 [00:00<?, ?it/s, Coords not found for M-1. Skipping...]
Extracting patch features from coords in 20x_256px_0px_overlap:   0%|          | 0/9 [00:00<?, ?it/s, Extracting features from M-104.ndpi]  
Extracting patch features from coords in 20x_256px_0px_overlap:  22%|██▏       | 2/9 [02:11<07:39, 65.62s/it, Extracting features from M-104.ndpi]
Extracting patch features from coords in 20x_256px_0px_overlap:  22%|██▏       | 2/9 [02:11<07:39, 65.62s/it, Extracting features from M-105.ndpi]
Extracting patch features from coords in 20x_256px_0px_overlap:  33%|███▎      | 3/9 [04:28<09:32, 95.35s/it, Extracting features from M-105.ndpi]
Extracting patch features from coords in 20x_256px_0px_overlap:  33%|███▎      | 3/9 [04:28<09:32, 95.35s/it, Extracting features from M-108.ndpi]
Extracting patch features from coords in 20x_256px_0px_overlap:  44%|████▍     | 4/9 [20:33<34:58, 419.78s/it, Extracting features from M-108.ndpi]
Extracting patch features from coords in 20x_256px_0px_overlap:  44%|████▍     | 4/9 [20:33<34:58, 419.78s/it, Extracting features from M-112.ndpi]
Extracting patch features from coords in 20x_256px_0px_overlap:  56%|█████▌    | 5/9 [25:52<25:39, 384.87s/it, Extracting features from M-112.ndpi]
Extracting patch features from coords in 20x_256px_0px_overlap:  56%|█████▌    | 5/9 [25:52<25:39, 384.87s/it, Extracting features from M-121.ndpi]
Extracting patch features from coords in 20x_256px_0px_overlap:  67%|██████▋   | 6/9 [28:07<15:06, 302.07s/it, Extracting features from M-121.ndpi]
Extracting patch features from coords in 20x_256px_0px_overlap:  67%|██████▋   | 6/9 [28:07<15:06, 302.07s/it, Extracting features from M-24.ndpi] 
Extracting patch features from coords in 20x_256px_0px_overlap:  78%|███████▊  | 7/9 [34:43<11:04, 332.20s/it, Extracting features from M-24.ndpi]
Extracting patch features from coords in 20x_256px_0px_overlap:  78%|███████▊  | 7/9 [34:43<11:04, 332.20s/it, Extracting features from M-30.ndpi]
Extracting patch features from coords in 20x_256px_0px_overlap:  89%|████████▉ | 8/9 [43:38<06:35, 395.89s/it, Extracting features from M-30.ndpi]
Extracting patch features from coords in 20x_256px_0px_overlap:  89%|████████▉ | 8/9 [43:38<06:35, 395.89s/it, Extracting features from M-32.ndpi]
Extracting patch features from coords in 20x_256px_0px_overlap: 100%|██████████| 9/9 [51:35<00:00, 421.19s/it, Extracting features from M-32.ndpi]
Extracting patch features from coords in 20x_256px_0px_overlap: 100%|██████████| 9/9 [51:35<00:00, 343.94s/it, Extracting features from M-32.ndpi]

[PROCESSOR] Found 9 valid slides in ./ndpi_files/B.

